app/build/intermediates/manifest_merge_blame_file/debug/manifest-merger-blame-debug-report.txt
1<?xml version="1.0" encoding="utf-8"?>
2<manifest xmlns:android="http://schemas.android.com/apk/res/android"
3    package="sleep.simdori.com"
4    android:versionCode="1"
5    android:versionName="1.0" >
6
7    <uses-sdk
8        android:minSdkVersion="17"
8-->src\main\AndroidManifest.xml
9        android:targetSdkVersion="30" />
9-->src\main\AndroidManifest.xml
10
11    <uses-permission android:name="android.permission.CAMERA" />
11-->src\main\AndroidManifest.xml:5:5-65
11-->src\main\AndroidManifest.xml:5:22-62
12    <uses-permission android:name="android.permission.INTERNET" /> <!-- 인터넷 사용 권한 설정 -->
12-->src\main\AndroidManifest.xml:6:5-67
12-->src\main\AndroidManifest.xml:6:22-64
13    <uses-permission android:name="android.permission.WAKE_LOCK" />
13-->src\main\AndroidManifest.xml:7:5-68
13-->src\main\AndroidManifest.xml:7:22-65
14    <uses-permission android:name="android.permission.ACCESS_NETWORK_STATE" />
14-->src\main\AndroidManifest.xml:8:5-79
14-->src\main\AndroidManifest.xml:8:22-76
15    <uses-permission android:name="android.permission.READ_PHONE_STATE" />
15-->src\main\AndroidManifest.xml:9:5-75
15-->src\main\AndroidManifest.xml:9:22-72
16    <uses-permission android:name="android.permission.ACCESS_FINE_LOCATION" />
16-->src\main\AndroidManifest.xml:10:5-79
16-->src\main\AndroidManifest.xml:10:22-76
17    <uses-permission android:name="android.permission.ACCESS_COARSE_LOCATION" />
17-->src\main\AndroidManifest.xml:11:5-81
17-->src\main\AndroidManifest.xml:11:22-78
18    <uses-permission android:name="android.permission.READ_EXTERNAL_STORAGE" />
18-->src\main\AndroidManifest.xml:12:5-80
18-->src\main\AndroidManifest.xml:12:22-77
19    <uses-permission android:name="android.permission.WRITE_EXTERNAL_STORAGE" />
19-->src\main\AndroidManifest.xml:13:5-81
19-->src\main\AndroidManifest.xml:13:22-78
20    <uses-permission android:name="android.permission.FOREGROUND_SERVICE" /> <!-- 걸음수 측정을 위한 포그라운드 권한 -->
20-->src\main\AndroidManifest.xml:14:5-77
20-->src\main\AndroidManifest.xml:14:22-74
21    <uses-permission android:name="android.permission.ACTIVITY_RECOGNITION" />
21-->src\main\AndroidManifest.xml:15:5-79
21-->src\main\AndroidManifest.xml:15:22-76
22
23    <!-- Don't require camera, as this requires a rear camera. This allows it to work on the Nexus 7 -->
24    <uses-feature
24-->[com.journeyapps:zxing-android-embedded:3.6.0] AndroidManifest.xml:25:5-27:36
25        android:name="android.hardware.camera"
25-->[com.journeyapps:zxing-android-embedded:3.6.0] AndroidManifest.xml:26:9-47
26        android:required="false" />
26-->[com.journeyapps:zxing-android-embedded:3.6.0] AndroidManifest.xml:27:9-33
27    <uses-feature
27-->[com.journeyapps:zxing-android-embedded:3.6.0] AndroidManifest.xml:28:5-30:36
28        android:name="android.hardware.camera.front"
28-->[com.journeyapps:zxing-android-embedded:3.6.0] AndroidManifest.xml:29:9-53
29        android:required="false" /> <!-- TODO replace above two with next line after Android 4.2 -->
29-->[com.journeyapps:zxing-android-embedded:3.6.0] AndroidManifest.xml:30:9-33
30    <!-- <uses-feature android:name="android.hardware.camera.any"/> -->
31    <uses-feature
31-->[com.journeyapps:zxing-android-embedded:3.6.0] AndroidManifest.xml:33:5-35:36
32        android:name="android.hardware.camera.autofocus"
32-->[com.journeyapps:zxing-android-embedded:3.6.0] AndroidManifest.xml:34:9-57
33        android:required="false" />
33-->[com.journeyapps:zxing-android-embedded:3.6.0] AndroidManifest.xml:35:9-33
34    <uses-feature
34-->[com.journeyapps:zxing-android-embedded:3.6.0] AndroidManifest.xml:36:5-38:36
35        android:name="android.hardware.camera.flash"
35-->[com.journeyapps:zxing-android-embedded:3.6.0] AndroidManifest.xml:37:9-53
36        android:required="false" />
36-->[com.journeyapps:zxing-android-embedded:3.6.0] AndroidManifest.xml:38:9-33
37    <uses-feature
37-->[com.journeyapps:zxing-android-embedded:3.6.0] AndroidManifest.xml:39:5-41:36
38        android:name="android.hardware.screen.landscape"
38-->[com.journeyapps:zxing-android-embedded:3.6.0] AndroidManifest.xml:40:9-57
39        android:required="false" />
39-->[com.journeyapps:zxing-android-embedded:3.6.0] AndroidManifest.xml:41:9-33
40    <uses-feature
40-->[com.journeyapps:zxing-android-embedded:3.6.0] AndroidManifest.xml:42:5-44:36
41        android:name="android.hardware.wifi"
41-->[com.journeyapps:zxing-android-embedded:3.6.0] AndroidManifest.xml:43:9-45
42        android:required="false" />
42-->[com.journeyapps:zxing-android-embedded:3.6.0] AndroidManifest.xml:44:9-33
43
44    <application
44-->src\main\AndroidManifest.xml:17:5-66:19
45        android:name="androidx.multidex.MultiDexApplication"
46        android:allowBackup="true"
46-->src\main\AndroidManifest.xml:18:9-35
47        android:appComponentFactory="androidx.core.app.CoreComponentFactory"
47-->[androidx.core:core:1.3.2] AndroidManifest.xml:24:18-86
48        android:debuggable="true"
49        android:hardwareAccelerated="true"
49-->src\main\AndroidManifest.xml:19:9-43
50        android:icon="@drawable/icon"
50-->src\main\AndroidManifest.xml:20:9-38
51        android:label="@string/app_name"
51-->src\main\AndroidManifest.xml:21:9-41
52        android:networkSecurityConfig="@xml/network_security_config"
52-->src\main\AndroidManifest.xml:22:9-69
53        android:requestLegacyExternalStorage="true"
53-->src\main\AndroidManifest.xml:23:9-52
54        android:supportsRtl="true"
54-->src\main\AndroidManifest.xml:24:9-35
55        android:testOnly="true"
56        android:theme="@style/Theme.Sleep" >
56-->src\main\AndroidManifest.xml:25:9-43
57        <activity android:name="sleep.simdori.com.activity.LoadingActivity" >
57-->src\main\AndroidManifest.xml:27:9-45:20
57-->src\main\AndroidManifest.xml:27:19-59
58
59            <!-- <activity android:name=".activity.HomeActivity"> -->
60            <intent-filter>
60-->src\main\AndroidManifest.xml:30:13-44:29
61                <action android:name="android.intent.action.MAIN" />
61-->src\main\AndroidManifest.xml:31:17-69
61-->src\main\AndroidManifest.xml:31:25-66
62
63                <category android:name="android.intent.category.LAUNCHER" />
63-->src\main\AndroidManifest.xml:33:17-77
63-->src\main\AndroidManifest.xml:33:27-74
64
65                <action android:name="android.intent.action.VIEW" />
65-->src\main\AndroidManifest.xml:35:17-69
65-->src\main\AndroidManifest.xml:35:25-66
66
67                <category android:name="android.intent.category.DEFAULT" />
67-->src\main\AndroidManifest.xml:37:17-76
67-->src\main\AndroidManifest.xml:37:27-73
68                <!-- <category android:name="android.intent.category.BROWSABLE" /> -->
69
70
71                <!-- Redirect URI: "kakao{NATIVE_APP_KEY}://oauth“ -->
72                <!-- <data android:host="oauth" -->
73                <!-- android:scheme="kakao9a28f2e77dbb8f62e5f55f9efc9ecf6c"/> -->
74            </intent-filter>
75        </activity> <!-- <activity android:name=".activity.LoadingActivity"></activity> -->
76        <activity android:name="sleep.simdori.com.activity.Guide1stActivity" />
76-->src\main\AndroidManifest.xml:46:9-63
76-->src\main\AndroidManifest.xml:46:19-60
77        <activity android:name="sleep.simdori.com.activity.Guide2ndActivity" />
77-->src\main\AndroidManifest.xml:47:9-63
77-->src\main\AndroidManifest.xml:47:19-60
78        <activity android:name="sleep.simdori.com.activity.HomeActivity" />
78-->src\main\AndroidManifest.xml:48:9-59
78-->src\main\AndroidManifest.xml:48:19-56
79        <activity android:name="sleep.simdori.com.activity.LoginActivity" /> <!-- <activity android:name=".activity.SignupActivity"></activity> -->
79-->src\main\AndroidManifest.xml:49:9-60
79-->src\main\AndroidManifest.xml:49:19-57
80        <activity android:name="sleep.simdori.com.activity.ModifyActivity" />
80-->src\main\AndroidManifest.xml:50:9-61
80-->src\main\AndroidManifest.xml:50:19-58
81        <activity
81-->src\main\AndroidManifest.xml:51:9-53:66
82            android:name="sleep.simdori.com.activity.SleepTrackingActivity"
82-->src\main\AndroidManifest.xml:52:13-59
83            android:theme="@style/AppTheme.SlidrActivityTheme" />
83-->src\main\AndroidManifest.xml:53:13-63
84        <activity android:name="sleep.simdori.com.activity.RegisterActivity" />
84-->src\main\AndroidManifest.xml:54:9-63
84-->src\main\AndroidManifest.xml:54:19-60
85        <activity android:name="sleep.simdori.com.activity.IotManageActivity" /> <!-- Mqtt Service -->
85-->src\main\AndroidManifest.xml:55:9-64
85-->src\main\AndroidManifest.xml:55:19-61
86        <service android:name="org.eclipse.paho.android.service.MqttService" />
86-->src\main\AndroidManifest.xml:56:9-88
86-->src\main\AndroidManifest.xml:56:18-77
87
88        <receiver android:name="sleep.simdori.com.mqtt.BootReceiver" >
88-->src\main\AndroidManifest.xml:58:9-63:20
88-->src\main\AndroidManifest.xml:58:19-52
89            <intent-filter>
89-->src\main\AndroidManifest.xml:59:13-62:29
90                <action android:name="android.intent.action.BOOT_COMPLETED" />
90-->src\main\AndroidManifest.xml:60:17-79
90-->src\main\AndroidManifest.xml:60:25-76
91                <action android:name="android.app.action.NEXT_ALARM_CLOCK_CHANGED" />
91-->src\main\AndroidManifest.xml:61:17-86
91-->src\main\AndroidManifest.xml:61:25-83
92            </intent-filter>
93        </receiver>
94
95        <service android:name="sleep.simdori.com.mqtt.MQTTservice" />
95-->src\main\AndroidManifest.xml:65:9-61
95-->src\main\AndroidManifest.xml:65:18-50
96
97        <activity
97-->[com.naver.nid:naveridlogin-android-sdk:4.2.6] AndroidManifest.xml:17:9-19:67
98            android:name="com.nhn.android.naverlogin.ui.OAuthLoginActivity"
98-->[com.naver.nid:naveridlogin-android-sdk:4.2.6] AndroidManifest.xml:18:13-76
99            android:theme="@style/Theme.AppCompat.Light.Dialog" />
99-->[com.naver.nid:naveridlogin-android-sdk:4.2.6] AndroidManifest.xml:19:13-64
100        <activity
100-->[com.naver.nid:naveridlogin-android-sdk:4.2.6] AndroidManifest.xml:20:9-23:47
101            android:name="com.nhn.android.naverlogin.ui.OAuthLoginInAppBrowserActivity"
101-->[com.naver.nid:naveridlogin-android-sdk:4.2.6] AndroidManifest.xml:21:13-88
102            android:configChanges="orientation|screenSize"
102-->[com.naver.nid:naveridlogin-android-sdk:4.2.6] AndroidManifest.xml:22:13-59
103            android:label="OAuth2.0 In-app" />
103-->[com.naver.nid:naveridlogin-android-sdk:4.2.6] AndroidManifest.xml:23:13-44
104        <activity
104-->[com.naver.nid:naveridlogin-android-sdk:4.2.6] AndroidManifest.xml:24:9-40:20
105            android:name="com.nhn.android.naverlogin.ui.OAuthCustomTabActivity"
105-->[com.naver.nid:naveridlogin-android-sdk:4.2.6] AndroidManifest.xml:25:13-80
106            android:configChanges="orientation|screenSize"
106-->[com.naver.nid:naveridlogin-android-sdk:4.2.6] AndroidManifest.xml:26:13-59
107            android:launchMode="singleTask"
107-->[com.naver.nid:naveridlogin-android-sdk:4.2.6] AndroidManifest.xml:27:13-44
108            android:theme="@android:style/Theme.Translucent.NoTitleBar" >
108-->[com.naver.nid:naveridlogin-android-sdk:4.2.6] AndroidManifest.xml:28:13-72
109            <intent-filter>
109-->[com.naver.nid:naveridlogin-android-sdk:4.2.6] AndroidManifest.xml:29:13-39:29
110                <action android:name="android.intent.action.VIEW" />
110-->src\main\AndroidManifest.xml:35:17-69
110-->src\main\AndroidManifest.xml:35:25-66
111
112                <category android:name="android.intent.category.DEFAULT" />
112-->src\main\AndroidManifest.xml:37:17-76
112-->src\main\AndroidManifest.xml:37:27-73
113                <category android:name="android.intent.category.BROWSABLE" />
113-->[com.naver.nid:naveridlogin-android-sdk:4.2.6] AndroidManifest.xml:33:17-78
113-->[com.naver.nid:naveridlogin-android-sdk:4.2.6] AndroidManifest.xml:33:27-75
114                <!-- Intent URL 에서 로그인 액티비티를 실행하기 위해 설정 -->
115                <data
115-->[com.naver.nid:naveridlogin-android-sdk:4.2.6] AndroidManifest.xml:35:17-38:59
116                    android:host="authorize"
116-->[com.naver.nid:naveridlogin-android-sdk:4.2.6] AndroidManifest.xml:36:21-45
117                    android:path="/"
117-->[com.naver.nid:naveridlogin-android-sdk:4.2.6] AndroidManifest.xml:37:21-37
118                    android:scheme="naver3rdpartylogin" />
118-->[com.naver.nid:naveridlogin-android-sdk:4.2.6] AndroidManifest.xml:38:21-56
119            </intent-filter>
120        </activity>
121        <activity
121-->[com.journeyapps:zxing-android-embedded:3.6.0] AndroidManifest.xml:47:9-53:63
122            android:name="com.journeyapps.barcodescanner.CaptureActivity"
122-->[com.journeyapps:zxing-android-embedded:3.6.0] AndroidManifest.xml:48:13-74
123            android:clearTaskOnLaunch="true"
123-->[com.journeyapps:zxing-android-embedded:3.6.0] AndroidManifest.xml:49:13-45
124            android:screenOrientation="sensorLandscape"
124-->[com.journeyapps:zxing-android-embedded:3.6.0] AndroidManifest.xml:50:13-56
125            android:stateNotNeeded="true"
125-->[com.journeyapps:zxing-android-embedded:3.6.0] AndroidManifest.xml:51:13-42
126            android:theme="@style/zxing_CaptureTheme"
126-->[com.journeyapps:zxing-android-embedded:3.6.0] AndroidManifest.xml:52:13-54
127            android:windowSoftInputMode="stateAlwaysHidden" />
127-->[com.journeyapps:zxing-android-embedded:3.6.0] AndroidManifest.xml:53:13-60
128        <activity
128-->[com.google.android.gms:play-services-auth:19.0.0] AndroidManifest.xml:23:9-27:75
129            android:name="com.google.android.gms.auth.api.signin.internal.SignInHubActivity"
129-->[com.google.android.gms:play-services-auth:19.0.0] AndroidManifest.xml:24:13-93
130            android:excludeFromRecents="true"
130-->[com.google.android.gms:play-services-auth:19.0.0] AndroidManifest.xml:25:13-46
131            android:exported="false"
131-->[com.google.android.gms:play-services-auth:19.0.0] AndroidManifest.xml:26:13-37
132            android:theme="@android:style/Theme.Translucent.NoTitleBar" />
132-->[com.google.android.gms:play-services-auth:19.0.0] AndroidManifest.xml:27:13-72
133        <!--
134            Service handling Google Sign-In user revocation. For apps that do not integrate with
135            Google Sign-In, this service will never be started.
136        -->
137        <service
137-->[com.google.android.gms:play-services-auth:19.0.0] AndroidManifest.xml:33:9-37:51
138            android:name="com.google.android.gms.auth.api.signin.RevocationBoundService"
138-->[com.google.android.gms:play-services-auth:19.0.0] AndroidManifest.xml:34:13-89
139            android:exported="true"
139-->[com.google.android.gms:play-services-auth:19.0.0] AndroidManifest.xml:35:13-36
140            android:permission="com.google.android.gms.auth.api.signin.permission.REVOCATION_NOTIFICATION"
140-->[com.google.android.gms:play-services-auth:19.0.0] AndroidManifest.xml:36:13-107
141            android:visibleToInstantApps="true" />
141-->[com.google.android.gms:play-services-auth:19.0.0] AndroidManifest.xml:37:13-48
142
143        <activity
143-->[com.google.android.gms:play-services-base:17.1.0] AndroidManifest.xml:23:9-26:75
144            android:name="com.google.android.gms.common.api.GoogleApiActivity"
144-->[com.google.android.gms:play-services-base:17.1.0] AndroidManifest.xml:24:13-79
145            android:exported="false"
145-->[com.google.android.gms:play-services-base:17.1.0] AndroidManifest.xml:25:13-37
146            android:theme="@android:style/Theme.Translucent.NoTitleBar" />
146-->[com.google.android.gms:play-services-base:17.1.0] AndroidManifest.xml:26:13-72
147
148        <meta-data
148-->[com.google.android.gms:play-services-basement:17.1.1] AndroidManifest.xml:23:9-25:69
149            android:name="com.google.android.gms.version"
149-->[com.google.android.gms:play-services-basement:17.1.1] AndroidManifest.xml:24:13-58
150            android:value="@integer/google_play_services_version" />
150-->[com.google.android.gms:play-services-basement:17.1.1] AndroidManifest.xml:25:13-66
151    </application>
152
153</manifest>